=== General ===
InputDirectory:   /home/gmc/TFBoost/TFBoost/TFBoost_GUI_WSL/3Ddiamond/H3D_Currents/data_arbitrary/Currents/
OutputDirectory:  /home/gmc/TFBoost/TFBoost/Results/
TransferFunction: FromFile
ConvolutionDirectory:  /home/gmc/TFBoost/TFBoost/TFBoost_GUI_WSL/3Ddiamond/H3D_Currents/data_arbitrary/Currents/

=== Flags ===
LandauFluctuation:          false
MakeConvolution:            true
SaveConvDataToFile:         true
MakeLinearFitNearThreshold: true
MakeGaussianFitNearVmax:    true
AddSimulatedNoise:          true
DoMeasurementsWithNoise:    true
AddNoiseFromFiles:          false
UseRedNoise:                true
UseSameCurve:               false
MakeTimeDigitization:         true
MakeVoltageDigitization:      true
 - randomphase:             true
 - sampling_dT:             2e-11
 - ADCmin:                  0
 - ADCmax:                  0.01
 - ADCnbits:                8
TimeReferenceResolution:    false

=== Trigger ===
LE_reject_nonoise: 0
LE_reject_noise:   0

=== TF properties ===
bound_fit:         2
dT:                1e-12
LEthr:             0.01
CFD_fr:            0.35
sigma_noise:       0.0025
r_rednoise:        0.995

Number of files analyzed: 1000
